<?xml version="1.0" encoding="UTF-8"?>
<testng-results skipped="0" failed="0" total="1" passed="1">
  <reporter-output>
  </reporter-output>
  <suite name="Default suite" duration-ms="42403" started-at="2016-01-19T06:07:37Z" finished-at="2016-01-19T06:08:19Z">
    <groups>
    </groups>
    <test name="Default test" duration-ms="42403" started-at="2016-01-19T06:07:37Z" finished-at="2016-01-19T06:08:19Z">
      <class name="AppointmentBooking.For_New_User">
        <test-method status="PASS" signature="ConsultNowTest()[pri:0, instance:AppointmentBooking.For_New_User@1cd072a9]" name="ConsultNowTest" duration-ms="42348" started-at="2016-01-19T11:37:37Z" finished-at="2016-01-19T11:38:19Z">
          <reporter-output>
          </reporter-output>
        </test-method> <!-- ConsultNowTest -->
      </class> <!-- AppointmentBooking.For_New_User -->
    </test> <!-- Default test -->
  </suite> <!-- Default suite -->
</testng-results>
